# JRE version: Java(TM) SE Runtime Environment (17.0.7+8) (build 17.0.7+8-LTS-224)
# Java VM: Java HotSpot(TM) 64-Bit Server VM (17.0.7+8-LTS-224, mixed mode, sharing, tiered, compressed oops, compressed class ptrs, g1 gc, windows-amd64)
GC Precious Log:
 CPUs: 32 total, 32 available
 Memory: 32508M
 Large Page Support: Disabled
 NUMA Support: Disabled
 Compressed Oops: Enabled (Zero based)
 Heap Region Size: 4M
 Heap Min Capacity: 8M
 Heap Initial Capacity: 508M
 Heap Max Capacity: 8128M
 Pre-touch: Disabled
 Parallel Workers: 23
 Concurrent Workers: 6
 Concurrent Refinement Workers: 23
 Periodic GC: Disabled
Heap:
 garbage-first heap   total 57344K, used 14321K [0x0000000604000000, 0x0000000800000000)
  region size 4096K, 1 young (4096K), 0 survivors (0K)
 Metaspace       used 6902K, committed 7104K, reserved 1056768K
  class space    used 623K, committed 704K, reserved 1048576K
GC Heap History (20 events):
Event: 35.401 GC heap before
{Heap before GC invocations=88 (full 74):
 garbage-first heap   total 57344K, used 42985K [0x0000000604000000, 0x0000000800000000)
  region size 4096K, 7 young (28672K), 0 survivors (0K)
 Metaspace       used 6886K, committed 7040K, reserved 1056768K
  class space    used 620K, committed 704K, reserved 1048576K
}
Event: 35.401 GC heap after
{Heap after GC invocations=89 (full 74):
 garbage-first heap   total 57344K, used 14849K [0x0000000604000000, 0x0000000800000000)
  region size 4096K, 1 young (4096K), 1 survivors (4096K)
 Metaspace       used 6886K, committed 7040K, reserved 1056768K
  class space    used 620K, committed 704K, reserved 1048576K
}
Event: 36.613 GC heap before
{Heap before GC invocations=89 (full 74):
 garbage-first heap   total 57344K, used 39425K [0x0000000604000000, 0x0000000800000000)
  region size 4096K, 7 young (28672K), 1 survivors (4096K)
 Metaspace       used 6886K, committed 7040K, reserved 1056768K
  class space    used 620K, committed 704K, reserved 1048576K
}
Event: 36.613 GC heap after
{Heap after GC invocations=90 (full 74):
 garbage-first heap   total 57344K, used 15045K [0x0000000604000000, 0x0000000800000000)
  region size 4096K, 1 young (4096K), 1 survivors (4096K)
 Metaspace       used 6886K, committed 7040K, reserved 1056768K
  class space    used 620K, committed 704K, reserved 1048576K
}
Event: 37.773 GC heap before
{Heap before GC invocations=90 (full 74):
 garbage-first heap   total 57344K, used 35525K [0x0000000604000000, 0x0000000800000000)
  region size 4096K, 7 young (28672K), 1 survivors (4096K)
 Metaspace       used 6886K, committed 7040K, reserved 1056768K
  class space    used 620K, committed 704K, reserved 1048576K
}
Event: 37.782 GC heap after
{Heap after GC invocations=91 (full 75):
 garbage-first heap   total 57344K, used 14315K [0x0000000604000000, 0x0000000800000000)
  region size 4096K, 0 young (0K), 0 survivors (0K)
 Metaspace       used 6886K, committed 7040K, reserved 1056768K
  class space    used 620K, committed 704K, reserved 1048576K
}
Event: 39.178 GC heap before
{Heap before GC invocations=91 (full 75):
 garbage-first heap   total 57344K, used 42987K [0x0000000604000000, 0x0000000800000000)
  region size 4096K, 7 young (28672K), 0 survivors (0K)
 Metaspace       used 6886K, committed 7040K, reserved 1056768K
  class space    used 620K, committed 704K, reserved 1048576K
}
Event: 39.179 GC heap after
{Heap after GC invocations=92 (full 75):
 garbage-first heap   total 57344K, used 14894K [0x0000000604000000, 0x0000000800000000)
  region size 4096K, 1 young (4096K), 1 survivors (4096K)
 Metaspace       used 6886K, committed 7040K, reserved 1056768K
  class space    used 620K, committed 704K, reserved 1048576K
}
Event: 39.216 GC heap before
{Heap before GC invocations=92 (full 75):
 garbage-first heap   total 57344K, used 14894K [0x0000000604000000, 0x0000000800000000)
  region size 4096K, 2 young (8192K), 1 survivors (4096K)
 Metaspace       used 6886K, committed 7040K, reserved 1056768K
  class space    used 620K, committed 704K, reserved 1048576K
}
Event: 39.226 GC heap after
{Heap after GC invocations=93 (full 76):
 garbage-first heap   total 57344K, used 14439K [0x0000000604000000, 0x0000000800000000)
  region size 4096K, 0 young (0K), 0 survivors (0K)
 Metaspace       used 6886K, committed 7040K, reserved 1056768K
  class space    used 620K, committed 704K, reserved 1048576K
}
Event: 39.573 GC heap before
{Heap before GC invocations=93 (full 76):
 garbage-first heap   total 57344K, used 18535K [0x0000000604000000, 0x0000000800000000)
  region size 4096K, 2 young (8192K), 0 survivors (0K)
 Metaspace       used 6886K, committed 7040K, reserved 1056768K
  class space    used 620K, committed 704K, reserved 1048576K
}
Event: 39.582 GC heap after
{Heap after GC invocations=94 (full 77):
 garbage-first heap   total 57344K, used 14319K [0x0000000604000000, 0x0000000800000000)
  region size 4096K, 0 young (0K), 0 survivors (0K)
 Metaspace       used 6886K, committed 7040K, reserved 1056768K
  class space    used 620K, committed 704K, reserved 1048576K
}
Event: 40.982 GC heap before
{Heap before GC invocations=94 (full 77):
 garbage-first heap   total 57344K, used 42991K [0x0000000604000000, 0x0000000800000000)
  region size 4096K, 7 young (28672K), 0 survivors (0K)
 Metaspace       used 6886K, committed 7040K, reserved 1056768K
  class space    used 620K, committed 704K, reserved 1048576K
}
Event: 40.983 GC heap after
{Heap after GC invocations=95 (full 77):
 garbage-first heap   total 290816K, used 14897K [0x0000000604000000, 0x0000000800000000)
  region size 4096K, 1 young (4096K), 1 survivors (4096K)
 Metaspace       used 6886K, committed 7040K, reserved 1056768K
  class space    used 620K, committed 704K, reserved 1048576K
}
Event: 41.718 GC heap before
{Heap before GC invocations=95 (full 77):
 garbage-first heap   total 290816K, used 27185K [0x0000000604000000, 0x0000000800000000)
  region size 4096K, 5 young (20480K), 1 survivors (4096K)
 Metaspace       used 6886K, committed 7040K, reserved 1056768K
  class space    used 620K, committed 704K, reserved 1048576K
}
Event: 41.723 GC heap after
{Heap after GC invocations=96 (full 78):
 garbage-first heap   total 69632K, used 14317K [0x0000000604000000, 0x0000000800000000)
  region size 4096K, 0 young (0K), 0 survivors (0K)
 Metaspace       used 6886K, committed 7040K, reserved 1056768K
  class space    used 620K, committed 704K, reserved 1048576K
}
Event: 41.759 GC heap before
{Heap before GC invocations=96 (full 78):
 garbage-first heap   total 69632K, used 14317K [0x0000000604000000, 0x0000000800000000)
  region size 4096K, 1 young (4096K), 0 survivors (0K)
 Metaspace       used 6886K, committed 7040K, reserved 1056768K
  class space    used 620K, committed 704K, reserved 1048576K
}
Event: 41.768 GC heap after
{Heap after GC invocations=97 (full 79):
 garbage-first heap   total 57344K, used 14317K [0x0000000604000000, 0x0000000800000000)
  region size 4096K, 0 young (0K), 0 survivors (0K)
 Metaspace       used 6886K, committed 7040K, reserved 1056768K
  class space    used 620K, committed 704K, reserved 1048576K
}
Event: 42.638 GC heap before
{Heap before GC invocations=97 (full 79):
 garbage-first heap   total 57344K, used 30701K [0x0000000604000000, 0x0000000800000000)
  region size 4096K, 5 young (20480K), 0 survivors (0K)
 Metaspace       used 6902K, committed 7104K, reserved 1056768K
  class space    used 623K, committed 704K, reserved 1048576K
}
Event: 42.647 GC heap after
{Heap after GC invocations=98 (full 80):
 garbage-first heap   total 57344K, used 14321K [0x0000000604000000, 0x0000000800000000)
  region size 4096K, 0 young (0K), 0 survivors (0K)
 Metaspace       used 6902K, committed 7104K, reserved 1056768K
  class space    used 623K, committed 704K, reserved 1048576K
}

